2025-10-14 03:22:04,596 - INFO - Starting training: 20 epochs
2025-10-14 03:22:04,597 - INFO - Model parameters: 15,907,914
2025-10-14 03:24:31,404 - INFO - Starting training: 20 epochs
2025-10-14 03:24:31,405 - INFO - Model parameters: 15,907,914
2025-10-14 03:38:22,295 - INFO - Epoch   1 | Train Loss: 0.3021 | Val Loss: 0.2407 | IoU: 0.8307
2025-10-14 03:38:22,297 - INFO -   Detailed metrics: {'Pixel_Accuracy': 0.9055396294352984, 'Precision': 0.9266619105832745, 'Recall': 0.889555420011583, 'IOU': 0.8306759930770806, 'Loss': 0.2407054819843986}
2025-10-14 03:38:22,719 - INFO - New best model saved at epoch 1
2025-10-14 03:51:47,336 - INFO - Epoch   2 | Train Loss: 0.2421 | Val Loss: 0.2185 | IoU: 0.8472
2025-10-14 03:51:47,337 - INFO -   Detailed metrics: {'Pixel_Accuracy': 0.91605613312938, 'Precision': 0.9442712545695932, 'Recall': 0.8919619124646139, 'IOU': 0.8471712939666979, 'Loss': 0.2185321647034149}
2025-10-14 03:51:47,630 - INFO - New best model saved at epoch 2
2025-10-14 04:06:16,650 - INFO - Epoch   3 | Train Loss: 0.2220 | Val Loss: 0.2055 | IoU: 0.8546
2025-10-14 04:06:16,651 - INFO -   Detailed metrics: {'Pixel_Accuracy': 0.9198866242712195, 'Precision': 0.9390026437814789, 'Recall': 0.9050111960281025, 'IOU': 0.8546051929394404, 'Loss': 0.2055378312038051}
2025-10-14 04:06:16,962 - INFO - New best model saved at epoch 3
2025-10-14 04:21:07,157 - INFO - Epoch   4 | Train Loss: 0.2077 | Val Loss: 0.2013 | IoU: 0.8573
2025-10-14 04:21:07,158 - INFO -   Detailed metrics: {'Pixel_Accuracy': 0.921517227033172, 'Precision': 0.9417262905173831, 'Recall': 0.9053484373020403, 'IOU': 0.857289930335199, 'Loss': 0.20126015083356338}
2025-10-14 04:21:07,452 - INFO - New best model saved at epoch 4
2025-10-14 04:35:52,535 - INFO - Epoch   5 | Train Loss: 0.1958 | Val Loss: 0.2030 | IoU: 0.8579
2025-10-14 04:35:52,536 - INFO -   Detailed metrics: {'Pixel_Accuracy': 0.9219854102291242, 'Precision': 0.9447406492751054, 'Recall': 0.9033311563308792, 'IOU': 0.8579294417392124, 'Loss': 0.20301639130621246}
2025-10-14 04:35:52,841 - INFO - New best model saved at epoch 5
2025-10-14 04:48:55,552 - INFO - Epoch   6 | Train Loss: 0.1882 | Val Loss: 0.1976 | IoU: 0.8606
2025-10-14 04:48:55,552 - INFO -   Detailed metrics: {'Pixel_Accuracy': 0.9239602724109033, 'Precision': 0.9506496391212097, 'Recall': 0.9010000790309425, 'IOU': 0.8606044475478355, 'Loss': 0.19758954710054277}
2025-10-14 04:48:55,843 - INFO - New best model saved at epoch 6
2025-10-14 05:02:02,517 - INFO - Epoch   7 | Train Loss: 0.1779 | Val Loss: 0.1888 | IoU: 0.8727
2025-10-14 05:02:02,520 - INFO -   Detailed metrics: {'Pixel_Accuracy': 0.9290312493991371, 'Precision': 0.9286164456244671, 'Recall': 0.9355680816101305, 'IOU': 0.8727160275283486, 'Loss': 0.18878916733794743}
2025-10-14 05:02:02,818 - INFO - New best model saved at epoch 7
2025-10-14 05:16:07,030 - INFO - Epoch   8 | Train Loss: 0.1720 | Val Loss: 0.1908 | IoU: 0.8643
2025-10-14 05:16:07,031 - INFO -   Detailed metrics: {'Pixel_Accuracy': 0.9261585048051796, 'Precision': 0.9548618296782175, 'Recall': 0.9011848194129539, 'IOU': 0.8643203615540206, 'Loss': 0.1908354942470488}
2025-10-14 05:30:44,030 - INFO - Epoch   9 | Train Loss: 0.1648 | Val Loss: 0.1828 | IoU: 0.8748
2025-10-14 05:30:44,031 - INFO -   Detailed metrics: {'Pixel_Accuracy': 0.9310705803259455, 'Precision': 0.9421216461694601, 'Recall': 0.9246004926736908, 'IOU': 0.8748284335991349, 'Loss': 0.18277782426601408}
2025-10-14 05:30:44,363 - INFO - New best model saved at epoch 9
2025-10-14 05:44:47,083 - INFO - Epoch  10 | Train Loss: 0.1576 | Val Loss: 0.1850 | IoU: 0.8730
2025-10-14 05:44:47,084 - INFO -   Detailed metrics: {'Pixel_Accuracy': 0.930147451734302, 'Precision': 0.9448513208013593, 'Recall': 0.9198077734973695, 'IOU': 0.8729835300132481, 'Loss': 0.18495842869007828}
2025-10-14 05:58:43,880 - INFO - Epoch  11 | Train Loss: 0.1529 | Val Loss: 0.1838 | IoU: 0.8735
2025-10-14 05:58:43,881 - INFO -   Detailed metrics: {'Pixel_Accuracy': 0.9305371283882796, 'Precision': 0.9442637642525663, 'Recall': 0.9210083603557914, 'IOU': 0.8734780245959156, 'Loss': 0.18380976587797354}
2025-10-14 06:12:14,917 - INFO - Epoch  12 | Train Loss: 0.1480 | Val Loss: 0.1820 | IoU: 0.8743
2025-10-14 06:12:14,917 - INFO -   Detailed metrics: {'Pixel_Accuracy': 0.9313810264522379, 'Precision': 0.9496975936973938, 'Recall': 0.9167397568623225, 'IOU': 0.8742762502245228, 'Loss': 0.18203466338566457}
2025-10-14 06:25:45,985 - INFO - Epoch  13 | Train Loss: 0.1434 | Val Loss: 0.1780 | IoU: 0.8745
2025-10-14 06:25:45,985 - INFO -   Detailed metrics: {'Pixel_Accuracy': 0.9315344274345071, 'Precision': 0.9512843056158586, 'Recall': 0.9154819474376813, 'IOU': 0.8744684487882287, 'Loss': 0.17797100827135523}
2025-10-14 06:40:28,089 - INFO - Epoch  14 | Train Loss: 0.1378 | Val Loss: 0.1765 | IoU: 0.8810
2025-10-14 06:40:28,090 - INFO -   Detailed metrics: {'Pixel_Accuracy': 0.9345246952290487, 'Precision': 0.941178751563785, 'Recall': 0.9324129229844219, 'IOU': 0.8810136363361821, 'Loss': 0.1764920966492759}
2025-10-14 06:40:28,392 - INFO - New best model saved at epoch 14
2025-10-14 06:55:21,059 - INFO - Epoch  15 | Train Loss: 0.1353 | Val Loss: 0.1714 | IoU: 0.8831
2025-10-14 06:55:21,060 - INFO -   Detailed metrics: {'Pixel_Accuracy': 0.9362502207960746, 'Precision': 0.9502080091924379, 'Recall': 0.9257777276063206, 'IOU': 0.8830682544997244, 'Loss': 0.1714043098624156}
2025-10-14 06:55:21,370 - INFO - New best model saved at epoch 15
2025-10-14 07:09:13,480 - INFO - Epoch  16 | Train Loss: 0.1313 | Val Loss: 0.1780 | IoU: 0.8769
2025-10-14 07:09:13,481 - INFO -   Detailed metrics: {'Pixel_Accuracy': 0.9328659142207618, 'Precision': 0.951223154712205, 'Recall': 0.918246042547804, 'IOU': 0.876939375442688, 'Loss': 0.17797310117895554}
2025-10-14 07:21:59,872 - INFO - Epoch  17 | Train Loss: 0.1294 | Val Loss: 0.1735 | IoU: 0.8809
2025-10-14 07:21:59,872 - INFO -   Detailed metrics: {'Pixel_Accuracy': 0.9351214974215536, 'Precision': 0.9529895109660698, 'Recall': 0.9207641604271802, 'IOU': 0.8808607493687157, 'Loss': 0.1735195733719703}
2025-10-14 07:34:38,484 - INFO - Epoch  18 | Train Loss: 0.1279 | Val Loss: 0.1702 | IoU: 0.8864
2025-10-14 07:34:38,485 - INFO -   Detailed metrics: {'Pixel_Accuracy': 0.9374686304969017, 'Precision': 0.9422588712639279, 'Recall': 0.9372295484398351, 'IOU': 0.8863766777394998, 'Loss': 0.17016982329501348}
2025-10-14 07:34:38,772 - INFO - New best model saved at epoch 18
2025-10-14 07:47:17,241 - INFO - Epoch  19 | Train Loss: 0.1265 | Val Loss: 0.1753 | IoU: 0.8827
2025-10-14 07:47:17,242 - INFO -   Detailed metrics: {'Pixel_Accuracy': 0.9358193990257051, 'Precision': 0.9487832573929218, 'Recall': 0.9267324702908294, 'IOU': 0.8826643337655549, 'Loss': 0.17531802581453865}
2025-10-14 08:00:11,608 - INFO - Epoch  20 | Train Loss: 0.1259 | Val Loss: 0.1694 | IoU: 0.8849
2025-10-14 08:00:11,608 - INFO -   Detailed metrics: {'Pixel_Accuracy': 0.9371819816755526, 'Precision': 0.9499003423584832, 'Recall': 0.9281474981043074, 'IOU': 0.8848851494716875, 'Loss': 0.16935912453842283}
2025-10-14 08:00:11,946 - INFO - Training completed! Best metric: 0.8864 at epoch 18
