2025-09-26 22:52:32,395 - INFO - Starting training: 5 epochs
2025-09-26 22:52:32,396 - INFO - Model parameters: 4,370,657
2025-09-27 00:47:33,724 - INFO - Epoch   1 | Train Loss: 0.4734 | Val Loss: 0.4246 | Avg Metric: 157.7829
2025-09-27 00:47:33,730 - INFO -   Dataset 1: {'Pixel_Accuracy': 0.6498472094535828, 'Precision': 0.8912980556488037, 'Recall': 0.41107890009880066, 'IOU': 0.39145344495773315, 'Loss': 0.42375898361206055}
2025-09-27 00:47:33,730 - INFO -   Dataset 2: {'Pixel_Accuracy': 0.6012672781944275, 'Precision': 0.9874342083930969, 'Recall': 0.49130913615226746, 'IOU': 0.48825645446777344, 'Loss': 0.5790953636169434}
2025-09-27 00:47:33,731 - INFO -   Dataset 3: {'Pixel_Accuracy': 1.779895007610321, 'Precision': 2.619435131549835, 'Recall': 1.1522862315177917, 'IOU': 1.0896857380867004, 'Loss': 0.4825390577316284}
2025-09-27 00:47:33,733 - INFO -   Dataset 4: {'Pixel_Accuracy': 76.4841542840004, 'Precision': 97.35359555482864, 'Recall': 63.944424986839294, 'IOU': 61.04023650288582, 'Loss': 0.3737272773470197}
2025-09-27 00:47:33,733 - INFO -   Dataset 5: {'Pixel_Accuracy': 231.2903911471367, 'Precision': 281.5089858174324, 'Recall': 202.30363151431084, 'IOU': 192.89918673038483, 'Loss': 0.335716495302734}
2025-09-27 00:47:33,734 - INFO -   Dataset 6: {'Pixel_Accuracy': 807.0603306293488, 'Precision': 961.3669811487198, 'Recall': 741.7165585160255, 'IOU': 690.7883149683475, 'Loss': 0.3527361758032276}
2025-09-27 00:47:33,842 - INFO - New best model saved at epoch 1
2025-09-27 02:38:05,056 - INFO - Epoch   2 | Train Loss: 0.3332 | Val Loss: 0.4306 | Avg Metric: 157.3397
2025-09-27 02:38:05,059 - INFO -   Dataset 1: {'Pixel_Accuracy': 0.6158349514007568, 'Precision': 0.9685813188552856, 'Recall': 0.308888703584671, 'IOU': 0.3058244585990906, 'Loss': 0.42579102516174316}
2025-09-27 02:38:05,059 - INFO -   Dataset 2: {'Pixel_Accuracy': 0.5487011075019836, 'Precision': 0.9850066900253296, 'Recall': 0.42361849546432495, 'IOU': 0.4209044575691223, 'Loss': 0.6057100892066956}
2025-09-27 02:38:05,060 - INFO -   Dataset 3: {'Pixel_Accuracy': 1.7180421948432922, 'Precision': 2.628359079360962, 'Recall': 1.0297235548496246, 'IOU': 0.9821716547012329, 'Loss': 0.4936405022939046}
2025-09-27 02:38:05,060 - INFO -   Dataset 4: {'Pixel_Accuracy': 75.73706078529358, 'Precision': 97.56467235088348, 'Recall': 62.465799152851105, 'IOU': 59.773047775030136, 'Loss': 0.37668570989654176}
2025-09-27 02:38:05,061 - INFO -   Dataset 5: {'Pixel_Accuracy': 230.42182439565659, 'Precision': 282.5582318305969, 'Recall': 199.91823229193687, 'IOU': 191.21989572048187, 'Loss': 0.33603958780599746}
2025-09-27 02:38:05,061 - INFO -   Dataset 6: {'Pixel_Accuracy': 809.2365301847458, 'Precision': 970.3894973397255, 'Recall': 737.0383990108967, 'IOU': 691.3366524577141, 'Loss': 0.34586037694006067}
2025-09-27 04:28:33,691 - INFO - Epoch   3 | Train Loss: 0.3264 | Val Loss: 0.4148 | Avg Metric: 162.5899
2025-09-27 04:28:33,693 - INFO -   Dataset 1: {'Pixel_Accuracy': 0.6940542459487915, 'Precision': 0.9243325591087341, 'Recall': 0.4810009002685547, 'IOU': 0.4627787470817566, 'Loss': 0.39784151315689087}
2025-09-27 04:28:33,694 - INFO -   Dataset 2: {'Pixel_Accuracy': 0.6112507581710815, 'Precision': 0.9821012616157532, 'Recall': 0.5071936845779419, 'IOU': 0.502548336982727, 'Loss': 0.5754500031471252}
2025-09-27 04:28:33,694 - INFO -   Dataset 3: {'Pixel_Accuracy': 1.8390380144119263, 'Precision': 2.6591559648513794, 'Recall': 1.2329750955104828, 'IOU': 1.1731461584568024, 'Loss': 0.4735371669133504}
2025-09-27 04:28:33,694 - INFO -   Dataset 4: {'Pixel_Accuracy': 77.29954117536545, 'Precision': 97.77867722511292, 'Recall': 65.02506303787231, 'IOU': 62.19895386695862, 'Loss': 0.3689737091461817}
2025-09-27 04:28:33,694 - INFO -   Dataset 5: {'Pixel_Accuracy': 233.76798170804977, 'Precision': 282.887180685997, 'Recall': 205.49808609485626, 'IOU': 196.4570735991001, 'Loss': 0.33090122641119735}
2025-09-27 04:28:33,695 - INFO -   Dataset 6: {'Pixel_Accuracy': 824.7675012350082, 'Precision': 970.6878382563591, 'Recall': 763.5994426608086, 'IOU': 714.7451191842556, 'Loss': 0.3422558285078684}
2025-09-27 04:28:33,850 - INFO - New best model saved at epoch 3
2025-09-27 06:18:56,132 - INFO - Epoch   4 | Train Loss: 0.3221 | Val Loss: 0.4160 | Avg Metric: 166.5143
2025-09-27 06:18:56,136 - INFO -   Dataset 1: {'Pixel_Accuracy': 0.671085774898529, 'Precision': 0.9219631552696228, 'Recall': 0.43666642904281616, 'IOU': 0.4211023449897766, 'Loss': 0.41125252842903137}
2025-09-27 06:18:56,137 - INFO -   Dataset 2: {'Pixel_Accuracy': 0.5997546315193176, 'Precision': 0.9744216799736023, 'Recall': 0.49612659215927124, 'IOU': 0.4897485077381134, 'Loss': 0.5836188197135925}
2025-09-27 06:18:56,137 - INFO -   Dataset 3: {'Pixel_Accuracy': 1.8271016478538513, 'Precision': 2.660499691963196, 'Recall': 1.2033596634864807, 'IOU': 1.150049090385437, 'Loss': 0.4746754467487335}
2025-09-27 06:18:56,138 - INFO -   Dataset 4: {'Pixel_Accuracy': 77.88901668787003, 'Precision': 97.75056576728821, 'Recall': 66.06347134709358, 'IOU': 63.12202766537666, 'Loss': 0.3658759321485247}
2025-09-27 06:18:56,138 - INFO -   Dataset 5: {'Pixel_Accuracy': 235.31476145982742, 'Precision': 282.1691488623619, 'Recall': 208.77926564216614, 'IOU': 199.11680895090103, 'Loss': 0.3273862777956274}
2025-09-27 06:18:56,139 - INFO -   Dataset 6: {'Pixel_Accuracy': 837.6988299489021, 'Precision': 968.9988127946854, 'Recall': 787.58694216609, 'IOU': 734.78608122468, 'Loss': 0.3333643260617808}
2025-09-27 06:18:56,320 - INFO - New best model saved at epoch 4
2025-09-27 08:09:53,284 - INFO - Epoch   5 | Train Loss: 0.3196 | Val Loss: 0.4187 | Avg Metric: 164.1659
2025-09-27 08:09:53,287 - INFO -   Dataset 1: {'Pixel_Accuracy': 0.6703258156776428, 'Precision': 0.9223672151565552, 'Recall': 0.4349253475666046, 'IOU': 0.4195665717124939, 'Loss': 0.41251882910728455}
2025-09-27 08:09:53,288 - INFO -   Dataset 2: {'Pixel_Accuracy': 0.5817535519599915, 'Precision': 0.9780694842338562, 'Recall': 0.4704034626483917, 'IOU': 0.46549367904663086, 'Loss': 0.5882545709609985}
2025-09-27 08:09:53,288 - INFO -   Dataset 3: {'Pixel_Accuracy': 1.8116674423217773, 'Precision': 2.657322645187378, 'Recall': 1.1750667691230774, 'IOU': 1.123429000377655, 'Loss': 0.4770614604155223}
2025-09-27 08:09:53,289 - INFO -   Dataset 4: {'Pixel_Accuracy': 77.12294793128967, 'Precision': 98.00087434053421, 'Recall': 64.53437840938568, 'IOU': 61.833913922309875, 'Loss': 0.3687138482218697}
2025-09-27 08:09:53,289 - INFO -   Dataset 5: {'Pixel_Accuracy': 233.50633311271667, 'Precision': 283.2055683732033, 'Recall': 204.7633563876152, 'IOU': 195.9589023590088, 'Loss': 0.3298677294360881}
2025-09-27 08:09:53,289 - INFO -   Dataset 6: {'Pixel_Accuracy': 832.0550180673599, 'Precision': 972.8148173093796, 'Recall': 774.1313889622688, 'IOU': 725.1942175328732, 'Loss': 0.3359347528034185}
2025-09-27 08:09:53,374 - INFO - Training completed! Best metric: 166.5143 at epoch 4
2025-09-27 10:39:34,994 - INFO - Starting training: 2 epochs
2025-09-27 10:39:34,995 - INFO - Model parameters: 4,370,657
2025-09-27 12:01:44,369 - INFO - Epoch   1 | Train Loss: 0.2833 | Val Loss: 0.3943 | Avg Metric: 0.5151
2025-09-27 12:01:44,373 - INFO -   2m: {'Pixel_Accuracy': 0.5556879639625549, 'Precision': 0.9587063789367676, 'Recall': 0.1976075917482376, 'IOU': 0.19593986868858337, 'Loss': 0.4528965950012207}
2025-09-27 12:01:44,373 - INFO -   1m: {'Pixel_Accuracy': 0.5466479659080505, 'Precision': 0.9618091583251953, 'Recall': 0.43165892362594604, 'IOU': 0.4243849515914917, 'Loss': 0.6181830167770386}
2025-09-27 12:01:44,373 - INFO -   0.5m: {'Pixel_Accuracy': 0.5949142376581827, 'Precision': 0.8807204167048136, 'Recall': 0.3794085482756297, 'IOU': 0.3601979613304138, 'Loss': 0.46192386746406555}
2025-09-27 12:01:44,373 - INFO -   0.1m: {'Pixel_Accuracy': 0.7715664625167846, 'Precision': 0.9362767032214574, 'Recall': 0.6760157272929237, 'IOU': 0.6464776890618461, 'Loss': 0.3118284446852548}
2025-09-27 12:01:44,373 - INFO -   0.06m: {'Pixel_Accuracy': 0.8073235777829657, 'Precision': 0.9377958729172384, 'Recall': 0.7365266406378209, 'IOU': 0.7025936198550344, 'Loss': 0.27238060558671195}
2025-09-27 12:01:44,374 - INFO -   original 0.03m: {'Pixel_Accuracy': 0.8363717853294043, 'Precision': 0.9229857625539641, 'Recall': 0.8123204586983624, 'IOU': 0.7607167277937213, 'Loss': 0.2488568589119337}
2025-09-27 12:01:44,567 - INFO - New best model saved at epoch 1
2025-09-27 13:24:25,714 - INFO - Epoch   2 | Train Loss: 0.2219 | Val Loss: 0.3779 | Avg Metric: 0.6623
2025-09-27 13:24:25,717 - INFO -   2m: {'Pixel_Accuracy': 0.6445950269699097, 'Precision': 0.7430455684661865, 'Recall': 0.5370912551879883, 'IOU': 0.45296144485473633, 'Loss': 0.5401804447174072}
2025-09-27 13:24:25,717 - INFO -   1m: {'Pixel_Accuracy': 0.6724157929420471, 'Precision': 0.9436783790588379, 'Recall': 0.6135607957839966, 'IOU': 0.5918864011764526, 'Loss': 0.6173034310340881}
2025-09-27 13:24:25,717 - INFO -   0.5m: {'Pixel_Accuracy': 0.701888382434845, 'Precision': 0.8732710083325704, 'Recall': 0.5811746716499329, 'IOU': 0.5372549196084341, 'Loss': 0.42680274446805316}
2025-09-27 13:24:25,717 - INFO -   0.1m: {'Pixel_Accuracy': 0.8430612354051499, 'Precision': 0.9362092932065328, 'Recall': 0.8007436933971587, 'IOU': 0.7593156445594061, 'Loss': 0.25879246379647936}
2025-09-27 13:24:25,718 - INFO -   0.06m: {'Pixel_Accuracy': 0.8666246245238954, 'Precision': 0.9366513261731887, 'Recall': 0.8408463703875511, 'IOU': 0.7957299501690643, 'Loss': 0.22182694701662917}
2025-09-27 13:24:25,718 - INFO -   original 0.03m: {'Pixel_Accuracy': 0.8876572989789473, 'Precision': 0.9231607849488029, 'Recall': 0.8994809396403753, 'IOU': 0.8367697660472184, 'Loss': 0.2026646804215206}
2025-09-27 13:24:26,375 - INFO - New best model saved at epoch 2
2025-09-27 13:24:26,376 - INFO - Training completed! Best metric: 0.6623 at epoch 2
2025-09-27 13:30:30,197 - INFO - Starting training: 2 epochs
2025-09-27 13:30:30,198 - INFO - Model parameters: 4,370,657
